<?xml version="1.0" encoding="UTF-8" ?>
<testsuites>
<testsuite name="Validate Article functionality" errors="0" tests="3" failures="0" time="0.089" timestamp="2019-11-19T10:01:01">
  <testcase classname="Validate Article functionality" name="validate GET /articles" time="0.034"></testcase>
  <testcase classname="Validate Article functionality" name="validate GET /articles/id" time="0.023"></testcase>
  <testcase classname="Validate Article functionality" name="validate POST /articles" time="0.032"></testcase>
</testsuite>
</testsuites>